<?xml version="1.0" encoding="UTF-8"?>
<Site BuildName="(empty)"
	BuildStamp="20240723-0818-Experimental"
	Name="Wilde"
	Generator="ctest-3.16.3"
	CompilerName="/usr/bin/c++"
	CompilerVersion="9.4.0"
	OSName="Linux"
	Hostname="Wilde"
	OSRelease="5.15.0-116-generic"
	OSVersion="#126~20.04.1-Ubuntu SMP Mon Jul 1 15:40:07 UTC 2024"
	OSPlatform="x86_64"
	Is64Bits="1"
	VendorString="GenuineIntel"
	VendorID="Intel Corporation"
	FamilyID="6"
	ModelID="151"
	ProcessorCacheSize="25600"
	NumberOfLogicalCPU="24"
	NumberOfPhysicalCPU="16"
	TotalVirtualMemory="31249"
	TotalPhysicalMemory="31775"
	LogicalProcessorsPerPhysical="1"
	ProcessorClockFrequency="4241.97"
	>
	<Testing>
		<StartDateTime>Jul 23 16:18 CST</StartDateTime>
		<StartTestTime>1721722734</StartTestTime>
		<TestList/>
		<EndDateTime>Jul 23 16:18 CST</EndDateTime>
		<EndTestTime>1721722734</EndTestTime>
		<ElapsedMinutes>0</ElapsedMinutes>
	</Testing>
</Site>
